<?xml version="1.0" encoding="UTF-8"?>
<!-- Generated by org.testng.reporters.JUnitXMLReporter -->
<testsuite ignored="0" hostname="LAPTOP-MFCNT1RQ" failures="0" tests="5" name="Surefire test" time="43.729" errors="0" timestamp="2024-08-19T21:48:54 IST">
  <testcase classname="rishavPortfolio.Test.ErrorValidationTest" name="LoginErrorValidation" time="0.67"/>
  <testcase classname="rishavPortfolio.Test.ErrorValidationTest" name="ProductErrorValidation" time="4.434"/>
  <testcase classname="rishavPortfolio.Test.SubmitOrderTest" name="submitOrder" time="5.451"/>
  <testcase classname="rishavPortfolio.Test.SubmitOrderTest" name="submitOrder" time="5.405"/>
  <testcase classname="rishavPortfolio.Test.SubmitOrderTest" name="CheckOrder" time="0.928"/>
</testsuite> <!-- Surefire test -->
