<?xml version="1.0" encoding="UTF-8"?>
<!-- Generated by org.testng.reporters.JUnitXMLReporter -->
<testsuite ignored="0" hostname="LAPTOP-MFCNT1RQ" failures="0" tests="3" name="Default test" time="25.709" errors="0" timestamp="2024-08-15T23:21:08 IST">
  <testcase classname="rishavPortfolio.Test.SubmitOrderTest" name="submitOrder" time="5.515"/>
  <testcase classname="rishavPortfolio.Test.SubmitOrderTest" name="submitOrder" time="5.355"/>
  <testcase classname="rishavPortfolio.Test.SubmitOrderTest" name="CheckOrder" time="0.915"/>
</testsuite> <!-- Default test -->
