<?xml version="1.0" encoding="UTF-8"?>
<!-- Generated by org.testng.reporters.JUnitXMLReporter -->
<testsuite ignored="0" hostname="LAPTOP-MFCNT1RQ" failures="0" tests="2" name="Error validation Test" time="17.333" errors="0" timestamp="2024-08-29T21:43:20 IST">
  <testcase classname="rishavPortfolio.Test.ErrorValidationTest" name="LoginErrorValidation" time="0.8"/>
  <testcase classname="rishavPortfolio.Test.ErrorValidationTest" name="ProductErrorValidation" time="4.725"/>
</testsuite> <!-- Error validation Test -->
