<?xml version="1.0" encoding="UTF-8"?>
<!-- Generated by org.testng.reporters.JUnitXMLReporter -->
<testsuite ignored="1" hostname="LAPTOP-MFCNT1RQ" failures="0" tests="2" name="Submit Order Test" time="27.519" errors="0" timestamp="2024-08-19T21:50:06 IST">
  <testcase classname="rishavPortfolio.Test.SubmitOrderTest" name="submitOrder" time="5.567"/>
  <testcase classname="rishavPortfolio.Test.SubmitOrderTest" name="submitOrder" time="5.574"/>
  <testcase classname="rishavPortfolio.Test.SubmitOrderTest" name="CheckOrder" time="0.0">
    <ignored/>
  </testcase> <!-- CheckOrder -->
</testsuite> <!-- Submit Order Test -->
