<?xml version="1.0" encoding="UTF-8"?>
<!-- Generated by org.testng.reporters.JUnitXMLReporter -->
<testsuite ignored="0" hostname="LAPTOP-MFCNT1RQ" failures="0" tests="2" name="Error validation Test" time="17.107" errors="0" timestamp="2024-08-19T20:14:36 IST">
  <testcase classname="rishavPortfolio.Test.ErrorValidationTest" name="LoginErrorValidation" time="0.673"/>
  <testcase classname="rishavPortfolio.Test.ErrorValidationTest" name="ProductErrorValidation" time="4.514"/>
</testsuite> <!-- Error validation Test -->
