<?xml version="1.0" encoding="UTF-8"?>
<testng-results ignored="0" total="5" passed="5" failed="0" skipped="0">
  <reporter-output>
  </reporter-output>
  <suite started-at="2024-08-19T21:48:10 IST" name="Surefire suite" finished-at="2024-08-19T21:48:54 IST" duration-ms="43729">
    <groups>
      <group name="sanity">
        <method signature="SubmitOrderTest.submitOrder(java.util.HashMap)[pri:0, instance:rishavPortfolio.Test.SubmitOrderTest@318ba8c8]" name="submitOrder" class="rishavPortfolio.Test.SubmitOrderTest"/>
      </group> <!-- sanity -->
    </groups>
    <test started-at="2024-08-19T21:48:10 IST" name="Surefire test" finished-at="2024-08-19T21:48:54 IST" duration-ms="43729">
      <class name="rishavPortfolio.Test.ErrorValidationTest">
        <test-method is-config="true" signature="launchApplication()[pri:0, instance:rishavPortfolio.Test.ErrorValidationTest@5db250b4]" started-at="2024-08-19T21:48:10 IST" name="launchApplication" finished-at="2024-08-19T21:48:19 IST" duration-ms="8438" status="PASS">
          <reporter-output>
          </reporter-output>
        </test-method> <!-- launchApplication -->
        <test-method signature="LoginErrorValidation()[pri:0, instance:rishavPortfolio.Test.ErrorValidationTest@5db250b4]" started-at="2024-08-19T21:48:19 IST" name="LoginErrorValidation" finished-at="2024-08-19T21:48:19 IST" duration-ms="670" status="PASS">
          <reporter-output>
          </reporter-output>
        </test-method> <!-- LoginErrorValidation -->
        <test-method is-config="true" signature="closebrowser()[pri:0, instance:rishavPortfolio.Test.ErrorValidationTest@5db250b4]" started-at="2024-08-19T21:48:19 IST" name="closebrowser" finished-at="2024-08-19T21:48:20 IST" duration-ms="557" status="PASS">
          <reporter-output>
          </reporter-output>
        </test-method> <!-- closebrowser -->
        <test-method is-config="true" signature="launchApplication()[pri:0, instance:rishavPortfolio.Test.ErrorValidationTest@5db250b4]" started-at="2024-08-19T21:48:20 IST" name="launchApplication" finished-at="2024-08-19T21:48:24 IST" duration-ms="3845" status="PASS">
          <reporter-output>
          </reporter-output>
        </test-method> <!-- launchApplication -->
        <test-method signature="ProductErrorValidation()[pri:0, instance:rishavPortfolio.Test.ErrorValidationTest@5db250b4]" started-at="2024-08-19T21:48:24 IST" name="ProductErrorValidation" finished-at="2024-08-19T21:48:28 IST" duration-ms="4434" status="PASS">
          <reporter-output>
          </reporter-output>
        </test-method> <!-- ProductErrorValidation -->
        <test-method is-config="true" signature="closebrowser()[pri:0, instance:rishavPortfolio.Test.ErrorValidationTest@5db250b4]" started-at="2024-08-19T21:48:28 IST" name="closebrowser" finished-at="2024-08-19T21:48:29 IST" duration-ms="554" status="PASS">
          <reporter-output>
          </reporter-output>
        </test-method> <!-- closebrowser -->
      </class> <!-- rishavPortfolio.Test.ErrorValidationTest -->
      <class name="rishavPortfolio.Test.SubmitOrderTest">
        <test-method is-config="true" signature="launchApplication()[pri:0, instance:rishavPortfolio.Test.SubmitOrderTest@318ba8c8]" started-at="2024-08-19T21:48:29 IST" name="launchApplication" finished-at="2024-08-19T21:48:33 IST" duration-ms="4045" status="PASS">
          <reporter-output>
          </reporter-output>
        </test-method> <!-- launchApplication -->
        <test-method signature="submitOrder(java.util.HashMap)[pri:0, instance:rishavPortfolio.Test.SubmitOrderTest@318ba8c8]" started-at="2024-08-19T21:48:33 IST" name="submitOrder" data-provider="GetData" finished-at="2024-08-19T21:48:38 IST" duration-ms="5451" status="PASS">
          <params>
            <param index="0">
              <value>
                <![CDATA[{password=Iamking@000, email=testperson@test.com, productName=ZARA COAT 3}]]>
              </value>
            </param>
          </params>
          <reporter-output>
          </reporter-output>
        </test-method> <!-- submitOrder -->
        <test-method is-config="true" signature="closebrowser()[pri:0, instance:rishavPortfolio.Test.SubmitOrderTest@318ba8c8]" started-at="2024-08-19T21:48:38 IST" name="closebrowser" finished-at="2024-08-19T21:48:39 IST" duration-ms="569" status="PASS">
          <reporter-output>
          </reporter-output>
        </test-method> <!-- closebrowser -->
        <test-method is-config="true" signature="launchApplication()[pri:0, instance:rishavPortfolio.Test.SubmitOrderTest@318ba8c8]" started-at="2024-08-19T21:48:39 IST" name="launchApplication" finished-at="2024-08-19T21:48:43 IST" duration-ms="3983" status="PASS">
          <reporter-output>
          </reporter-output>
        </test-method> <!-- launchApplication -->
        <test-method signature="submitOrder(java.util.HashMap)[pri:0, instance:rishavPortfolio.Test.SubmitOrderTest@318ba8c8]" started-at="2024-08-19T21:48:43 IST" name="submitOrder" data-provider="GetData" finished-at="2024-08-19T21:48:48 IST" duration-ms="5405" status="PASS">
          <params>
            <param index="0">
              <value>
                <![CDATA[{password=Iamking@000, email=testperson@test.com, productName=ADIDAS ORIGINAL}]]>
              </value>
            </param>
          </params>
          <reporter-output>
          </reporter-output>
        </test-method> <!-- submitOrder -->
        <test-method is-config="true" signature="closebrowser()[pri:0, instance:rishavPortfolio.Test.SubmitOrderTest@318ba8c8]" started-at="2024-08-19T21:48:48 IST" name="closebrowser" finished-at="2024-08-19T21:48:49 IST" duration-ms="589" status="PASS">
          <reporter-output>
          </reporter-output>
        </test-method> <!-- closebrowser -->
        <test-method is-config="true" signature="launchApplication()[pri:0, instance:rishavPortfolio.Test.SubmitOrderTest@318ba8c8]" started-at="2024-08-19T21:48:49 IST" name="launchApplication" finished-at="2024-08-19T21:48:53 IST" duration-ms="3664" status="PASS">
          <reporter-output>
          </reporter-output>
        </test-method> <!-- launchApplication -->
        <test-method signature="CheckOrder()[pri:0, instance:rishavPortfolio.Test.SubmitOrderTest@318ba8c8]" started-at="2024-08-19T21:48:53 IST" name="CheckOrder" finished-at="2024-08-19T21:48:53 IST" depends-on-methods="submitOrder()" duration-ms="928" status="PASS">
          <reporter-output>
          </reporter-output>
        </test-method> <!-- CheckOrder -->
        <test-method is-config="true" signature="closebrowser()[pri:0, instance:rishavPortfolio.Test.SubmitOrderTest@318ba8c8]" started-at="2024-08-19T21:48:53 IST" name="closebrowser" finished-at="2024-08-19T21:48:54 IST" duration-ms="263" status="PASS">
          <reporter-output>
          </reporter-output>
        </test-method> <!-- closebrowser -->
      </class> <!-- rishavPortfolio.Test.SubmitOrderTest -->
    </test> <!-- Surefire test -->
  </suite> <!-- Surefire suite -->
</testng-results>
