<?xml version="1.0" encoding="UTF-8"?>
<testng-results ignored="0" total="2" passed="2" failed="0" skipped="0">
  <reporter-output>
  </reporter-output>
  <suite started-at="2024-08-19T21:49:38 IST" name="Suite" finished-at="2024-08-19T21:50:06 IST" duration-ms="27519">
    <groups>
      <group name="sanity">
        <method signature="SubmitOrderTest.submitOrder(java.util.HashMap)[pri:0, instance:rishavPortfolio.Test.SubmitOrderTest@1b7c473a]" name="submitOrder" class="rishavPortfolio.Test.SubmitOrderTest"/>
      </group> <!-- sanity -->
    </groups>
    <test started-at="2024-08-19T21:49:38 IST" name="Submit Order Test" finished-at="2024-08-19T21:50:06 IST" duration-ms="27519">
      <class name="rishavPortfolio.Test.SubmitOrderTest">
        <test-method is-config="true" signature="launchApplication()[pri:0, instance:rishavPortfolio.Test.SubmitOrderTest@1b7c473a]" started-at="2024-08-19T21:49:39 IST" name="launchApplication" finished-at="2024-08-19T21:49:46 IST" duration-ms="7646" status="PASS">
          <reporter-output>
          </reporter-output>
        </test-method> <!-- launchApplication -->
        <test-method signature="submitOrder(java.util.HashMap)[pri:0, instance:rishavPortfolio.Test.SubmitOrderTest@1b7c473a]" started-at="2024-08-19T21:49:46 IST" name="submitOrder" data-provider="GetData" finished-at="2024-08-19T21:49:52 IST" duration-ms="5567" status="PASS">
          <params>
            <param index="0">
              <value>
                <![CDATA[{password=Iamking@000, email=testperson@test.com, productName=ZARA COAT 3}]]>
              </value>
            </param>
          </params>
          <reporter-output>
          </reporter-output>
        </test-method> <!-- submitOrder -->
        <test-method is-config="true" signature="closebrowser()[pri:0, instance:rishavPortfolio.Test.SubmitOrderTest@1b7c473a]" started-at="2024-08-19T21:49:52 IST" name="closebrowser" finished-at="2024-08-19T21:49:53 IST" duration-ms="957" status="PASS">
          <reporter-output>
          </reporter-output>
        </test-method> <!-- closebrowser -->
        <test-method is-config="true" signature="launchApplication()[pri:0, instance:rishavPortfolio.Test.SubmitOrderTest@1b7c473a]" started-at="2024-08-19T21:49:53 IST" name="launchApplication" finished-at="2024-08-19T21:49:59 IST" duration-ms="6491" status="PASS">
          <reporter-output>
          </reporter-output>
        </test-method> <!-- launchApplication -->
        <test-method signature="submitOrder(java.util.HashMap)[pri:0, instance:rishavPortfolio.Test.SubmitOrderTest@1b7c473a]" started-at="2024-08-19T21:49:59 IST" name="submitOrder" data-provider="GetData" finished-at="2024-08-19T21:50:05 IST" duration-ms="5574" status="PASS">
          <params>
            <param index="0">
              <value>
                <![CDATA[{password=Iamking@000, email=testperson@test.com, productName=ADIDAS ORIGINAL}]]>
              </value>
            </param>
          </params>
          <reporter-output>
          </reporter-output>
        </test-method> <!-- submitOrder -->
        <test-method is-config="true" signature="closebrowser()[pri:0, instance:rishavPortfolio.Test.SubmitOrderTest@1b7c473a]" started-at="2024-08-19T21:50:05 IST" name="closebrowser" finished-at="2024-08-19T21:50:06 IST" duration-ms="948" status="PASS">
          <reporter-output>
          </reporter-output>
        </test-method> <!-- closebrowser -->
      </class> <!-- rishavPortfolio.Test.SubmitOrderTest -->
    </test> <!-- Submit Order Test -->
  </suite> <!-- Suite -->
</testng-results>
