<?xml version="1.0" encoding="UTF-8"?>
<testng-results ignored="0" total="1" passed="1" failed="0" skipped="0">
  <reporter-output>
  </reporter-output>
  <suite started-at="2024-09-08T20:29:51 IST" name="Suite" finished-at="2024-09-08T20:30:09 IST" duration-ms="18785">
    <groups>
      <group name="sanity">
        <method signature="SelectAndDeleteOrders.SelectAndDeleteProduct()[pri:0, instance:rishavPortfolio.Test.SelectAndDeleteOrders@8ad6665]" name="SelectAndDeleteProduct" class="rishavPortfolio.Test.SelectAndDeleteOrders"/>
      </group> <!-- sanity -->
    </groups>
    <test started-at="2024-09-08T20:29:51 IST" name="Submit Order Test" finished-at="2024-09-08T20:30:09 IST" duration-ms="18785">
      <class name="rishavPortfolio.Test.SelectAndDeleteOrders">
        <test-method is-config="true" signature="launchApplication()[pri:0, instance:rishavPortfolio.Test.SelectAndDeleteOrders@8ad6665]" started-at="2024-09-08T20:29:51 IST" name="launchApplication" finished-at="2024-09-08T20:29:58 IST" duration-ms="7052" status="PASS">
          <reporter-output>
          </reporter-output>
        </test-method> <!-- launchApplication -->
        <test-method signature="SelectAndDeleteProduct()[pri:0, instance:rishavPortfolio.Test.SelectAndDeleteOrders@8ad6665]" started-at="2024-09-08T20:29:58 IST" name="SelectAndDeleteProduct" finished-at="2024-09-08T20:30:08 IST" duration-ms="10516" status="PASS">
          <reporter-output>
          </reporter-output>
        </test-method> <!-- SelectAndDeleteProduct -->
        <test-method is-config="true" signature="closebrowser()[pri:0, instance:rishavPortfolio.Test.SelectAndDeleteOrders@8ad6665]" started-at="2024-09-08T20:30:08 IST" name="closebrowser" finished-at="2024-09-08T20:30:09 IST" duration-ms="1146" status="PASS">
          <reporter-output>
          </reporter-output>
        </test-method> <!-- closebrowser -->
      </class> <!-- rishavPortfolio.Test.SelectAndDeleteOrders -->
    </test> <!-- Submit Order Test -->
  </suite> <!-- Suite -->
</testng-results>
